c:\users\26458\desktop\sf\run and control\两轮平衡小车 改（初）\两轮平衡小车 改（初）\controllers\two222\x64\release\vc142.pdb
c:\users\26458\desktop\sf\run and control\两轮平衡小车 改（初）\两轮平衡小车 改（初）\controllers\two222\x64\release\two222.obj
c:\users\26458\desktop\sf\run and control\两轮平衡小车 改（初）\两轮平衡小车 改（初）\controllers\two222\two222.exe
c:\users\26458\desktop\sf\run and control\两轮平衡小车 改（初）\两轮平衡小车 改（初）\controllers\two222\x64\release\two222.ipdb
c:\users\26458\desktop\sf\run and control\两轮平衡小车 改（初）\两轮平衡小车 改（初）\controllers\two222\x64\release\two222.iobj
c:\users\26458\desktop\sf\run and control\两轮平衡小车 改（初）\两轮平衡小车 改（初）\controllers\two222\two222.pdb
e:\action培训\运动控制\pid\两轮平衡小车 改1 - 副本(用速度控制角度)\两轮平衡小车 改（初）\controllers\two222\two222.ipdb
e:\action培训\运动控制\pid\两轮平衡小车 改1 - 副本(用速度控制角度)\两轮平衡小车 改（初）\controllers\two222\two222.iobj
e:\action\motion_control\队内赛\pid\两轮平衡小车 改1 - 副本(用速度控制角度)\两轮平衡小车 改（初）\controllers\two222\two222.ipdb
e:\action\motion_control\队内赛\pid\两轮平衡小车 改1 - 副本(用速度控制角度)\两轮平衡小车 改（初）\controllers\two222\two222.iobj
c:\users\26458\desktop\sf\run and control\两轮平衡小车 改（初）\两轮平衡小车 改（初）\controllers\two222\two222.ipdb
c:\users\26458\desktop\sf\run and control\两轮平衡小车 改（初）\两轮平衡小车 改（初）\controllers\two222\two222.iobj
c:\users\26458\desktop\sf\run and control\两轮平衡小车 改（初）\两轮平衡小车 改（初）\controllers\two222\x64\release\two222.tlog\cl.command.1.tlog
c:\users\26458\desktop\sf\run and control\两轮平衡小车 改（初）\两轮平衡小车 改（初）\controllers\two222\x64\release\two222.tlog\cl.read.1.tlog
c:\users\26458\desktop\sf\run and control\两轮平衡小车 改（初）\两轮平衡小车 改（初）\controllers\two222\x64\release\two222.tlog\cl.write.1.tlog
c:\users\26458\desktop\sf\run and control\两轮平衡小车 改（初）\两轮平衡小车 改（初）\controllers\two222\x64\release\two222.tlog\link.command.1.tlog
c:\users\26458\desktop\sf\run and control\两轮平衡小车 改（初）\两轮平衡小车 改（初）\controllers\two222\x64\release\two222.tlog\link.delete.1.tlog
c:\users\26458\desktop\sf\run and control\两轮平衡小车 改（初）\两轮平衡小车 改（初）\controllers\two222\x64\release\two222.tlog\link.read.1.tlog
c:\users\26458\desktop\sf\run and control\两轮平衡小车 改（初）\两轮平衡小车 改（初）\controllers\two222\x64\release\two222.tlog\link.write.1.tlog
c:\users\26458\desktop\sf\run and control\两轮平衡小车 改（初）\两轮平衡小车 改（初）\controllers\two222\x64\release\two222.tlog\two222.write.1u.tlog
